Started GET "/" for 127.0.0.1 at 2021-04-29 11:43:03 +0530
  [1m[35m (4.5ms)[0m  [1m[34mSELECT sqlite_version(*)[0m
  
ActiveRecord::PendingMigrationError (

Migrations are pending. To resolve this issue, run:

        rails db:migrate RAILS_ENV=development

):
  
activerecord (6.0.3.3) lib/active_record/migration.rb:586:in `check_pending!'
activerecord (6.0.3.3) lib/active_record/migration.rb:564:in `call'
actionpack (6.0.3.3) lib/action_dispatch/middleware/callbacks.rb:27:in `block in call'
activesupport (6.0.3.3) lib/active_support/callbacks.rb:101:in `run_callbacks'
actionpack (6.0.3.3) lib/action_dispatch/middleware/callbacks.rb:26:in `call'
actionpack (6.0.3.3) lib/action_dispatch/middleware/executor.rb:14:in `call'
actionpack (6.0.3.3) lib/action_dispatch/middleware/actionable_exceptions.rb:17:in `call'
actionpack (6.0.3.3) lib/action_dispatch/middleware/debug_exceptions.rb:32:in `call'
web-console (4.0.4) lib/web_console/middleware.rb:132:in `call_app'
web-console (4.0.4) lib/web_console/middleware.rb:28:in `block in call'
web-console (4.0.4) lib/web_console/middleware.rb:17:in `catch'
web-console (4.0.4) lib/web_console/middleware.rb:17:in `call'
actionpack (6.0.3.3) lib/action_dispatch/middleware/show_exceptions.rb:33:in `call'
railties (6.0.3.3) lib/rails/rack/logger.rb:37:in `call_app'
railties (6.0.3.3) lib/rails/rack/logger.rb:26:in `block in call'
activesupport (6.0.3.3) lib/active_support/tagged_logging.rb:80:in `block in tagged'
activesupport (6.0.3.3) lib/active_support/tagged_logging.rb:28:in `tagged'
activesupport (6.0.3.3) lib/active_support/tagged_logging.rb:80:in `tagged'
railties (6.0.3.3) lib/rails/rack/logger.rb:26:in `call'
sprockets-rails (3.2.1) lib/sprockets/rails/quiet_assets.rb:13:in `call'
actionpack (6.0.3.3) lib/action_dispatch/middleware/remote_ip.rb:81:in `call'
actionpack (6.0.3.3) lib/action_dispatch/middleware/request_id.rb:27:in `call'
rack (2.2.3) lib/rack/method_override.rb:24:in `call'
rack (2.2.3) lib/rack/runtime.rb:22:in `call'
activesupport (6.0.3.3) lib/active_support/cache/strategy/local_cache_middleware.rb:29:in `call'
actionpack (6.0.3.3) lib/action_dispatch/middleware/executor.rb:14:in `call'
actionpack (6.0.3.3) lib/action_dispatch/middleware/static.rb:126:in `call'
rack (2.2.3) lib/rack/sendfile.rb:110:in `call'
actionpack (6.0.3.3) lib/action_dispatch/middleware/host_authorization.rb:82:in `call'
webpacker (4.3.0) lib/webpacker/dev_server_proxy.rb:23:in `perform_request'
rack-proxy (0.6.5) lib/rack/proxy.rb:57:in `call'
railties (6.0.3.3) lib/rails/engine.rb:527:in `call'
puma (4.3.6) lib/puma/configuration.rb:228:in `call'
puma (4.3.6) lib/puma/server.rb:713:in `handle_request'
puma (4.3.6) lib/puma/server.rb:472:in `process_client'
puma (4.3.6) lib/puma/server.rb:328:in `block in run'
puma (4.3.6) lib/puma/thread_pool.rb:134:in `block in spawn_thread'
Started POST "/rails/actions" for 127.0.0.1 at 2021-04-29 11:43:17 +0530
  [1m[35m (145.4ms)[0m  [1m[35mCREATE TABLE "schema_migrations" ("version" varchar NOT NULL PRIMARY KEY)[0m
  [1m[35m (164.0ms)[0m  [1m[35mCREATE TABLE "ar_internal_metadata" ("key" varchar NOT NULL PRIMARY KEY, "value" varchar, "created_at" datetime(6) NOT NULL, "updated_at" datetime(6) NOT NULL)[0m
  [1m[35m (0.5ms)[0m  [1m[34mSELECT "schema_migrations"."version" FROM "schema_migrations" ORDER BY "schema_migrations"."version" ASC[0m
Migrating to CreateFriends (20200924145500)
  [1m[35m (0.1ms)[0m  [1m[36mbegin transaction[0m
  [1m[35m (1.4ms)[0m  [1m[35mCREATE TABLE "friends" ("id" integer PRIMARY KEY AUTOINCREMENT NOT NULL, "first_name" varchar, "last_name" varchar, "email" varchar, "phone" varchar, "twitter" varchar, "created_at" datetime(6) NOT NULL, "updated_at" datetime(6) NOT NULL)[0m
  [1m[36mprimary::SchemaMigration Create (0.2ms)[0m  [1m[32mINSERT INTO "schema_migrations" ("version") VALUES (?)[0m  [["version", "20200924145500"]]
  [1m[35m (123.2ms)[0m  [1m[36mcommit transaction[0m
Migrating to DeviseCreateUsers (20201001144907)
  [1m[35m (0.1ms)[0m  [1m[36mbegin transaction[0m
  [1m[35m (1.3ms)[0m  [1m[35mCREATE TABLE "users" ("id" integer PRIMARY KEY AUTOINCREMENT NOT NULL, "email" varchar DEFAULT '' NOT NULL, "encrypted_password" varchar DEFAULT '' NOT NULL, "reset_password_token" varchar, "reset_password_sent_at" datetime, "remember_created_at" datetime, "created_at" datetime(6) NOT NULL, "updated_at" datetime(6) NOT NULL)[0m
  [1m[35m (0.2ms)[0m  [1m[35mCREATE UNIQUE INDEX "index_users_on_email" ON "users" ("email")[0m
  [1m[35m (0.4ms)[0m  [1m[35mCREATE UNIQUE INDEX "index_users_on_reset_password_token" ON "users" ("reset_password_token")[0m
  [1m[36mprimary::SchemaMigration Create (0.3ms)[0m  [1m[32mINSERT INTO "schema_migrations" ("version") VALUES (?)[0m  [["version", "20201001144907"]]
  [1m[35m (123.2ms)[0m  [1m[36mcommit transaction[0m
Migrating to AddUserIdToFriends (20201008153902)
  [1m[35m (0.2ms)[0m  [1m[36mbegin transaction[0m
  [1m[35m (1.5ms)[0m  [1m[35mALTER TABLE "friends" ADD "user_id" integer[0m
  [1m[35m (0.1ms)[0m  [1m[35mCREATE  INDEX "index_friends_on_user_id" ON "friends" ("user_id")[0m
  [1m[36mprimary::SchemaMigration Create (0.3ms)[0m  [1m[32mINSERT INTO "schema_migrations" ("version") VALUES (?)[0m  [["version", "20201008153902"]]
  [1m[35m (101.8ms)[0m  [1m[36mcommit transaction[0m
  [1m[36mActiveRecord::InternalMetadata Load (0.3ms)[0m  [1m[34mSELECT "ar_internal_metadata".* FROM "ar_internal_metadata" WHERE "ar_internal_metadata"."key" = ? LIMIT ?[0m  [["key", "environment"], ["LIMIT", 1]]
  [1m[35m (0.1ms)[0m  [1m[36mbegin transaction[0m
  [1m[36mActiveRecord::InternalMetadata Create (2.3ms)[0m  [1m[32mINSERT INTO "ar_internal_metadata" ("key", "value", "created_at", "updated_at") VALUES (?, ?, ?, ?)[0m  [["key", "environment"], ["value", "development"], ["created_at", "2021-04-29 06:13:18.559081"], ["updated_at", "2021-04-29 06:13:18.559081"]]
  [1m[35m (99.7ms)[0m  [1m[36mcommit transaction[0m
Started GET "/" for 127.0.0.1 at 2021-04-29 11:43:18 +0530
  [1m[35m (0.2ms)[0m  [1m[34mSELECT "schema_migrations"."version" FROM "schema_migrations" ORDER BY "schema_migrations"."version" ASC[0m
Processing by FriendsController#index as HTML
  Rendering friends/index.html.erb within layouts/application
  Rendered friends/index.html.erb within layouts/application (Duration: 13.4ms | Allocations: 429)
[Webpacker] Compiling...
[Webpacker] Compiled all packs in C:/Users/neeraj/OneDrive/Desktop/railsfriends-main/public/packs
[Webpacker] Browserslist: caniuse-lite is outdated. Please run:
npx browserslist@latest --update-db

Why you should do it regularly:
https://github.com/browserslist/browserslist#browsers-data-updating

[Webpacker] Hash: 15d1bb7b54cf6326b9ba
Version: webpack 4.44.1
Time: 6452ms
Built at: 29/04/2021 11:43:35 am
                                     Asset       Size       Chunks                         Chunk Names
    js/application-9afcbb5693aa87623e69.js    124 KiB  application  [emitted] [immutable]  application
js/application-9afcbb5693aa87623e69.js.map    139 KiB  application  [emitted] [dev]        application
                             manifest.json  364 bytes               [emitted]              
Entrypoint application = js/application-9afcbb5693aa87623e69.js js/application-9afcbb5693aa87623e69.js.map
[./app/javascript/channels sync recursive _channel\.js$] ./app/javascript/channels sync _channel\.js$ 160 bytes {application} [built]
[./app/javascript/channels/index.js] 211 bytes {application} [built]
[./app/javascript/packs/application.js] 749 bytes {application} [built]
[./node_modules/webpack/buildin/module.js] (webpack)/buildin/module.js 552 bytes {application} [built]
    + 3 hidden modules

  Rendered home/_header.html.erb (Duration: 58.2ms | Allocations: 517)
Completed 200 OK in 18412ms (Views: 18383.1ms | ActiveRecord: 0.0ms | Allocations: 30464)


Started GET "/users/sign_up" for 127.0.0.1 at 2021-04-29 11:43:48 +0530
Processing by Devise::RegistrationsController#new as HTML
  Rendering devise/registrations/new.html.erb within layouts/application
  Rendered devise/shared/_error_messages.html.erb (Duration: 1.7ms | Allocations: 197)
  Rendered devise/shared/_links.html.erb (Duration: 19.5ms | Allocations: 507)
  Rendered devise/registrations/new.html.erb within layouts/application (Duration: 178.1ms | Allocations: 6525)
[Webpacker] Everything's up-to-date. Nothing to do
  Rendered home/_header.html.erb (Duration: 1.0ms | Allocations: 181)
Completed 200 OK in 267ms (Views: 251.7ms | ActiveRecord: 2.1ms | Allocations: 16781)


Started POST "/users" for 127.0.0.1 at 2021-04-29 11:44:14 +0530
Processing by Devise::RegistrationsController#create as HTML
  Parameters: {"authenticity_token"=>"yDFTCh9OYOghFPCnn4dAm2fzY7H8S48x+Vf6tT4ARWPbxnViiGCbsTzLv2CtRBtPQ4Ik1q7D5yyFb/RMQXmvOQ==", "user"=>{"email"=>"neerajap@gmail.com", "password"=>"[FILTERED]", "password_confirmation"=>"[FILTERED]"}, "commit"=>"Sign up"}
  [1m[35m (0.1ms)[0m  [1m[36mbegin transaction[0m
  [1m[36mUser Exists? (0.3ms)[0m  [1m[34mSELECT 1 AS one FROM "users" WHERE "users"."email" = ? LIMIT ?[0m  [["email", "neerajap@gmail.com"], ["LIMIT", 1]]
  [1m[36mUser Create (1.5ms)[0m  [1m[32mINSERT INTO "users" ("email", "encrypted_password", "created_at", "updated_at") VALUES (?, ?, ?, ?)[0m  [["email", "neerajap@gmail.com"], ["encrypted_password", "$2a$12$GiH3OG.hmn5hJXKCWJ/RQeb3dWzys87aQejX2HwZdbOw26eg0KubG"], ["created_at", "2021-04-29 06:14:15.324458"], ["updated_at", "2021-04-29 06:14:15.324458"]]
  [1m[35m (206.3ms)[0m  [1m[36mcommit transaction[0m
Redirected to http://127.0.0.1:3000/
Completed 302 Found in 776ms (ActiveRecord: 208.2ms | Allocations: 9653)


Started GET "/" for 127.0.0.1 at 2021-04-29 11:44:15 +0530
Processing by FriendsController#index as HTML
  Rendering friends/index.html.erb within layouts/application
  [1m[36mUser Load (0.3ms)[0m  [1m[34mSELECT "users".* FROM "users" WHERE "users"."id" = ? ORDER BY "users"."id" ASC LIMIT ?[0m  [["id", 1], ["LIMIT", 1]]
  ↳ app/views/friends/index.html.erb:3
  [1m[36mFriend Load (0.3ms)[0m  [1m[34mSELECT "friends".* FROM "friends"[0m
  ↳ app/views/friends/index.html.erb:17
  Rendered friends/index.html.erb within layouts/application (Duration: 9.6ms | Allocations: 2007)
[Webpacker] Everything's up-to-date. Nothing to do
  Rendered home/_header.html.erb (Duration: 0.4ms | Allocations: 172)
  Rendered layouts/_alerts.html.erb (Duration: 0.5ms | Allocations: 105)
Completed 200 OK in 68ms (Views: 65.0ms | ActiveRecord: 1.4ms | Allocations: 7166)


Started GET "/friends/new" for 127.0.0.1 at 2021-04-29 11:44:22 +0530
Processing by FriendsController#new as HTML
  [1m[36mUser Load (0.4ms)[0m  [1m[34mSELECT "users".* FROM "users" WHERE "users"."id" = ? ORDER BY "users"."id" ASC LIMIT ?[0m  [["id", 1], ["LIMIT", 1]]
  Rendering friends/new.html.erb within layouts/application
  Rendered friends/_form.html.erb (Duration: 332.6ms | Allocations: 1490)
  Rendered friends/new.html.erb within layouts/application (Duration: 335.9ms | Allocations: 1833)
[Webpacker] Everything's up-to-date. Nothing to do
  Rendered home/_header.html.erb (Duration: 0.3ms | Allocations: 169)
Completed 200 OK in 486ms (Views: 399.8ms | ActiveRecord: 1.0ms | Allocations: 16571)


Started POST "/friends" for 127.0.0.1 at 2021-04-29 11:44:40 +0530
Processing by FriendsController#create as HTML
  Parameters: {"authenticity_token"=>"RcX+QHd+WWZMmnjwlxIeoiBlZCSzzbM5ERdUASPQpiNC0dr7H/RjlStZ7Nekl7MQ8ca4Yf9b7XZgT0MV4jdG0Q==", "friend"=>{"first_name"=>"Hitulu", "last_name"=>"Polam", "email"=>"neeru@2001.hamg", "phone"=>"587733", "twitter"=>"nope", "user_id"=>"1"}, "commit"=>"Create Friend"}
  [1m[36mUser Load (0.8ms)[0m  [1m[34mSELECT "users".* FROM "users" WHERE "users"."id" = ? ORDER BY "users"."id" ASC LIMIT ?[0m  [["id", 1], ["LIMIT", 1]]
  [1m[35m (0.1ms)[0m  [1m[36mbegin transaction[0m
  ↳ app/controllers/friends_controller.rb:33:in `block in create'
  [1m[36mFriend Create (295.6ms)[0m  [1m[32mINSERT INTO "friends" ("first_name", "last_name", "email", "phone", "twitter", "created_at", "updated_at", "user_id") VALUES (?, ?, ?, ?, ?, ?, ?, ?)[0m  [["first_name", "Hitulu"], ["last_name", "Polam"], ["email", "neeru@2001.hamg"], ["phone", "587733"], ["twitter", "nope"], ["created_at", "2021-04-29 06:14:40.542055"], ["updated_at", "2021-04-29 06:14:40.542055"], ["user_id", 1]]
  ↳ app/controllers/friends_controller.rb:33:in `block in create'
  [1m[35m (222.3ms)[0m  [1m[36mcommit transaction[0m
  ↳ app/controllers/friends_controller.rb:33:in `block in create'
Redirected to http://127.0.0.1:3000/friends/1
Completed 302 Found in 543ms (ActiveRecord: 518.7ms | Allocations: 4588)


Started GET "/friends/1" for 127.0.0.1 at 2021-04-29 11:44:41 +0530
Processing by FriendsController#show as HTML
  Parameters: {"id"=>"1"}
  [1m[36mFriend Load (0.3ms)[0m  [1m[34mSELECT "friends".* FROM "friends" WHERE "friends"."id" = ? LIMIT ?[0m  [["id", 1], ["LIMIT", 1]]
  ↳ app/controllers/friends_controller.rb:77:in `set_friend'
  Rendering friends/show.html.erb within layouts/application
  Rendered friends/show.html.erb within layouts/application (Duration: 1.0ms | Allocations: 388)
[Webpacker] Everything's up-to-date. Nothing to do
  [1m[36mUser Load (0.2ms)[0m  [1m[34mSELECT "users".* FROM "users" WHERE "users"."id" = ? ORDER BY "users"."id" ASC LIMIT ?[0m  [["id", 1], ["LIMIT", 1]]
  ↳ app/views/home/_header.html.erb:19
  Rendered home/_header.html.erb (Duration: 4.2ms | Allocations: 1049)
  Rendered layouts/_alerts.html.erb (Duration: 0.0ms | Allocations: 11)
Completed 200 OK in 55ms (Views: 49.0ms | ActiveRecord: 0.5ms | Allocations: 6987)


Started GET "/friends/new" for 127.0.0.1 at 2021-04-29 11:44:44 +0530
Processing by FriendsController#new as HTML
  [1m[36mUser Load (0.4ms)[0m  [1m[34mSELECT "users".* FROM "users" WHERE "users"."id" = ? ORDER BY "users"."id" ASC LIMIT ?[0m  [["id", 1], ["LIMIT", 1]]
  Rendering friends/new.html.erb within layouts/application
  Rendered friends/_form.html.erb (Duration: 1.9ms | Allocations: 834)
  Rendered friends/new.html.erb within layouts/application (Duration: 2.5ms | Allocations: 926)
[Webpacker] Everything's up-to-date. Nothing to do
  Rendered home/_header.html.erb (Duration: 0.4ms | Allocations: 163)
Completed 200 OK in 61ms (Views: 54.8ms | ActiveRecord: 0.4ms | Allocations: 7365)


Started GET "/" for 127.0.0.1 at 2021-04-29 11:44:47 +0530
Processing by FriendsController#index as HTML
  Rendering friends/index.html.erb within layouts/application
  [1m[36mUser Load (0.2ms)[0m  [1m[34mSELECT "users".* FROM "users" WHERE "users"."id" = ? ORDER BY "users"."id" ASC LIMIT ?[0m  [["id", 1], ["LIMIT", 1]]
  ↳ app/views/friends/index.html.erb:3
  [1m[36mFriend Load (0.2ms)[0m  [1m[34mSELECT "friends".* FROM "friends"[0m
  ↳ app/views/friends/index.html.erb:17
  [1m[36mUser Load (0.3ms)[0m  [1m[34mSELECT "users".* FROM "users" WHERE "users"."id" = ? LIMIT ?[0m  [["id", 1], ["LIMIT", 1]]
  ↳ app/views/friends/index.html.erb:18
  Rendered friends/index.html.erb within layouts/application (Duration: 6.7ms | Allocations: 2549)
[Webpacker] Everything's up-to-date. Nothing to do
  Rendered home/_header.html.erb (Duration: 0.2ms | Allocations: 164)
Completed 200 OK in 54ms (Views: 52.7ms | ActiveRecord: 0.7ms | Allocations: 7367)


Started GET "/friends/1" for 127.0.0.1 at 2021-04-29 11:44:58 +0530
Processing by FriendsController#show as HTML
  Parameters: {"id"=>"1"}
  [1m[36mFriend Load (0.7ms)[0m  [1m[34mSELECT "friends".* FROM "friends" WHERE "friends"."id" = ? LIMIT ?[0m  [["id", 1], ["LIMIT", 1]]
  ↳ app/controllers/friends_controller.rb:77:in `set_friend'
  Rendering friends/show.html.erb within layouts/application
  Rendered friends/show.html.erb within layouts/application (Duration: 0.4ms | Allocations: 152)
[Webpacker] Everything's up-to-date. Nothing to do
  [1m[36mUser Load (0.3ms)[0m  [1m[34mSELECT "users".* FROM "users" WHERE "users"."id" = ? ORDER BY "users"."id" ASC LIMIT ?[0m  [["id", 1], ["LIMIT", 1]]
  ↳ app/views/home/_header.html.erb:19
  Rendered home/_header.html.erb (Duration: 3.4ms | Allocations: 1043)
Completed 200 OK in 65ms (Views: 58.3ms | ActiveRecord: 0.9ms | Allocations: 6392)


Started GET "/home/about" for 127.0.0.1 at 2021-04-29 11:45:03 +0530
Processing by HomeController#about as HTML
  Rendering home/about.html.erb within layouts/application
  Rendered home/about.html.erb within layouts/application (Duration: 0.7ms | Allocations: 120)
[Webpacker] Everything's up-to-date. Nothing to do
  [1m[36mUser Load (0.3ms)[0m  [1m[34mSELECT "users".* FROM "users" WHERE "users"."id" = ? ORDER BY "users"."id" ASC LIMIT ?[0m  [["id", 1], ["LIMIT", 1]]
  ↳ app/views/home/_header.html.erb:19
  Rendered home/_header.html.erb (Duration: 3.8ms | Allocations: 1063)
Completed 200 OK in 68ms (Views: 64.7ms | ActiveRecord: 0.3ms | Allocations: 6539)


Started GET "/friends/new" for 127.0.0.1 at 2021-04-29 11:45:07 +0530
Processing by FriendsController#new as HTML
  [1m[36mUser Load (0.4ms)[0m  [1m[34mSELECT "users".* FROM "users" WHERE "users"."id" = ? ORDER BY "users"."id" ASC LIMIT ?[0m  [["id", 1], ["LIMIT", 1]]
  Rendering friends/new.html.erb within layouts/application
  Rendered friends/_form.html.erb (Duration: 3.0ms | Allocations: 840)
  Rendered friends/new.html.erb within layouts/application (Duration: 3.8ms | Allocations: 932)
[Webpacker] Everything's up-to-date. Nothing to do
  Rendered home/_header.html.erb (Duration: 0.5ms | Allocations: 169)
Completed 200 OK in 77ms (Views: 69.4ms | ActiveRecord: 0.4ms | Allocations: 7352)


Started GET "/home/about" for 127.0.0.1 at 2021-04-29 11:45:08 +0530
Processing by HomeController#about as HTML
  Rendering home/about.html.erb within layouts/application
  Rendered home/about.html.erb within layouts/application (Duration: 0.1ms | Allocations: 7)
[Webpacker] Everything's up-to-date. Nothing to do
  [1m[36mUser Load (0.3ms)[0m  [1m[34mSELECT "users".* FROM "users" WHERE "users"."id" = ? ORDER BY "users"."id" ASC LIMIT ?[0m  [["id", 1], ["LIMIT", 1]]
  ↳ app/views/home/_header.html.erb:19
  Rendered home/_header.html.erb (Duration: 3.9ms | Allocations: 1051)
Completed 200 OK in 63ms (Views: 62.1ms | ActiveRecord: 0.3ms | Allocations: 5708)


Started GET "/friends/new" for 127.0.0.1 at 2021-04-29 11:45:10 +0530
Processing by FriendsController#new as HTML
  [1m[36mUser Load (0.6ms)[0m  [1m[34mSELECT "users".* FROM "users" WHERE "users"."id" = ? ORDER BY "users"."id" ASC LIMIT ?[0m  [["id", 1], ["LIMIT", 1]]
  Rendering friends/new.html.erb within layouts/application
  Rendered friends/_form.html.erb (Duration: 2.1ms | Allocations: 831)
  Rendered friends/new.html.erb within layouts/application (Duration: 3.6ms | Allocations: 922)
[Webpacker] Everything's up-to-date. Nothing to do
  Rendered home/_header.html.erb (Duration: 0.3ms | Allocations: 163)
Completed 200 OK in 75ms (Views: 68.0ms | ActiveRecord: 0.6ms | Allocations: 7343)


Started DELETE "/users/sign_out" for 127.0.0.1 at 2021-04-29 11:45:11 +0530
Processing by Devise::SessionsController#destroy as HTML
  Parameters: {"authenticity_token"=>"H/49HOa/wkCBjGPMpq4KnOZ4VL1JbK1yQ0wi5nt5eQblz4YJ7Do9Aan6kv0UqreE/KpSNd8jrny2uRMuf8NmEg=="}
  [1m[36mUser Load (0.3ms)[0m  [1m[34mSELECT "users".* FROM "users" WHERE "users"."id" = ? ORDER BY "users"."id" ASC LIMIT ?[0m  [["id", 1], ["LIMIT", 1]]
Redirected to http://127.0.0.1:3000/
Completed 302 Found in 55ms (ActiveRecord: 0.3ms | Allocations: 2731)


Started GET "/" for 127.0.0.1 at 2021-04-29 11:45:11 +0530
Processing by FriendsController#index as HTML
  Rendering friends/index.html.erb within layouts/application
  Rendered friends/index.html.erb within layouts/application (Duration: 0.3ms | Allocations: 81)
[Webpacker] Everything's up-to-date. Nothing to do
  Rendered home/_header.html.erb (Duration: 0.6ms | Allocations: 167)
  Rendered layouts/_alerts.html.erb (Duration: 0.1ms | Allocations: 11)
Completed 200 OK in 64ms (Views: 63.2ms | ActiveRecord: 0.0ms | Allocations: 4969)


Started GET "/users/sign_in" for 127.0.0.1 at 2021-04-29 11:45:28 +0530
Processing by Devise::SessionsController#new as HTML
  Rendering devise/sessions/new.html.erb within layouts/application
  Rendered devise/shared/_links.html.erb (Duration: 0.8ms | Allocations: 198)
  Rendered devise/sessions/new.html.erb within layouts/application (Duration: 27.0ms | Allocations: 1836)
[Webpacker] Everything's up-to-date. Nothing to do
  Rendered home/_header.html.erb (Duration: 1.2ms | Allocations: 181)
Completed 200 OK in 106ms (Views: 104.3ms | ActiveRecord: 0.0ms | Allocations: 7566)


Started POST "/users/sign_in" for 127.0.0.1 at 2021-04-29 11:45:33 +0530
Processing by Devise::SessionsController#create as HTML
  Parameters: {"authenticity_token"=>"Yozfpvwy5swzTHQQSXKIkWqO+QIzA+hCSG6NdGZcIQBL+9CL6SDlSUGDwUqomynXxnbgoONgu2qxbAVrtGsmmQ==", "user"=>{"email"=>"neerajap@gmail.com", "password"=>"[FILTERED]", "remember_me"=>"0"}, "commit"=>"Log in"}
  [1m[36mUser Load (0.5ms)[0m  [1m[34mSELECT "users".* FROM "users" WHERE "users"."email" = ? ORDER BY "users"."id" ASC LIMIT ?[0m  [["email", "neerajap@gmail.com"], ["LIMIT", 1]]
Redirected to http://127.0.0.1:3000/
Completed 302 Found in 344ms (ActiveRecord: 0.5ms | Allocations: 3211)


Started GET "/" for 127.0.0.1 at 2021-04-29 11:45:34 +0530
Processing by FriendsController#index as HTML
  Rendering friends/index.html.erb within layouts/application
  [1m[36mUser Load (0.4ms)[0m  [1m[34mSELECT "users".* FROM "users" WHERE "users"."id" = ? ORDER BY "users"."id" ASC LIMIT ?[0m  [["id", 1], ["LIMIT", 1]]
  ↳ app/views/friends/index.html.erb:3
  [1m[36mFriend Load (0.7ms)[0m  [1m[34mSELECT "friends".* FROM "friends"[0m
  ↳ app/views/friends/index.html.erb:17
  [1m[36mUser Load (0.4ms)[0m  [1m[34mSELECT "users".* FROM "users" WHERE "users"."id" = ? LIMIT ?[0m  [["id", 1], ["LIMIT", 1]]
  ↳ app/views/friends/index.html.erb:18
  Rendered friends/index.html.erb within layouts/application (Duration: 14.5ms | Allocations: 2366)
[Webpacker] Everything's up-to-date. Nothing to do
  Rendered home/_header.html.erb (Duration: 0.5ms | Allocations: 168)
  Rendered layouts/_alerts.html.erb (Duration: 0.1ms | Allocations: 10)
Completed 200 OK in 82ms (Views: 78.9ms | ActiveRecord: 1.5ms | Allocations: 7265)


Started GET "/friends/new" for 127.0.0.1 at 2021-04-29 11:45:37 +0530
Processing by FriendsController#new as HTML
  [1m[36mUser Load (0.3ms)[0m  [1m[34mSELECT "users".* FROM "users" WHERE "users"."id" = ? ORDER BY "users"."id" ASC LIMIT ?[0m  [["id", 1], ["LIMIT", 1]]
  Rendering friends/new.html.erb within layouts/application
  Rendered friends/_form.html.erb (Duration: 1.8ms | Allocations: 834)
  Rendered friends/new.html.erb within layouts/application (Duration: 2.4ms | Allocations: 925)
[Webpacker] Everything's up-to-date. Nothing to do
  Rendered home/_header.html.erb (Duration: 0.4ms | Allocations: 163)
Completed 200 OK in 60ms (Views: 53.6ms | ActiveRecord: 0.3ms | Allocations: 7358)


Started POST "/friends" for 127.0.0.1 at 2021-04-29 11:45:45 +0530
Processing by FriendsController#create as HTML
  Parameters: {"authenticity_token"=>"CbxJ+AdV4rQ4HwAcRUgbfjMQuw7zci7/9CF+dzL5XaVW3bysTJ6RFutfmBpqXvabZpQz0tsuEjJb9PG80fMa7Q==", "friend"=>{"first_name"=>"Bob", "last_name"=>"Ok", "email"=>"Bam@123", "phone"=>"587733", "twitter"=>"nope", "user_id"=>"1"}, "commit"=>"Create Friend"}
  [1m[36mUser Load (0.7ms)[0m  [1m[34mSELECT "users".* FROM "users" WHERE "users"."id" = ? ORDER BY "users"."id" ASC LIMIT ?[0m  [["id", 1], ["LIMIT", 1]]
  [1m[35m (0.1ms)[0m  [1m[36mbegin transaction[0m
  ↳ app/controllers/friends_controller.rb:33:in `block in create'
  [1m[36mFriend Create (24.3ms)[0m  [1m[32mINSERT INTO "friends" ("first_name", "last_name", "email", "phone", "twitter", "created_at", "updated_at", "user_id") VALUES (?, ?, ?, ?, ?, ?, ?, ?)[0m  [["first_name", "Bob"], ["last_name", "Ok"], ["email", "Bam@123"], ["phone", "587733"], ["twitter", "nope"], ["created_at", "2021-04-29 06:15:45.244114"], ["updated_at", "2021-04-29 06:15:45.244114"], ["user_id", 1]]
  ↳ app/controllers/friends_controller.rb:33:in `block in create'
  [1m[35m (331.9ms)[0m  [1m[36mcommit transaction[0m
  ↳ app/controllers/friends_controller.rb:33:in `block in create'
Redirected to http://127.0.0.1:3000/friends/2
Completed 302 Found in 382ms (ActiveRecord: 357.0ms | Allocations: 4494)


Started GET "/friends/2" for 127.0.0.1 at 2021-04-29 11:45:45 +0530
Processing by FriendsController#show as HTML
  Parameters: {"id"=>"2"}
  [1m[36mFriend Load (0.7ms)[0m  [1m[34mSELECT "friends".* FROM "friends" WHERE "friends"."id" = ? LIMIT ?[0m  [["id", 2], ["LIMIT", 1]]
  ↳ app/controllers/friends_controller.rb:77:in `set_friend'
  Rendering friends/show.html.erb within layouts/application
  Rendered friends/show.html.erb within layouts/application (Duration: 0.8ms | Allocations: 153)
[Webpacker] Everything's up-to-date. Nothing to do
  [1m[36mUser Load (0.3ms)[0m  [1m[34mSELECT "users".* FROM "users" WHERE "users"."id" = ? ORDER BY "users"."id" ASC LIMIT ?[0m  [["id", 1], ["LIMIT", 1]]
  ↳ app/views/home/_header.html.erb:19
  Rendered home/_header.html.erb (Duration: 3.9ms | Allocations: 1043)
  Rendered layouts/_alerts.html.erb (Duration: 0.0ms | Allocations: 11)
Completed 200 OK in 61ms (Views: 55.9ms | ActiveRecord: 1.0ms | Allocations: 6473)


Started GET "/friends" for 127.0.0.1 at 2021-04-29 11:45:48 +0530
Processing by FriendsController#index as HTML
  Rendering friends/index.html.erb within layouts/application
  [1m[36mUser Load (0.6ms)[0m  [1m[34mSELECT "users".* FROM "users" WHERE "users"."id" = ? ORDER BY "users"."id" ASC LIMIT ?[0m  [["id", 1], ["LIMIT", 1]]
  ↳ app/views/friends/index.html.erb:3
  [1m[36mFriend Load (0.4ms)[0m  [1m[34mSELECT "friends".* FROM "friends"[0m
  ↳ app/views/friends/index.html.erb:17
  [1m[36mUser Load (0.3ms)[0m  [1m[34mSELECT "users".* FROM "users" WHERE "users"."id" = ? LIMIT ?[0m  [["id", 1], ["LIMIT", 1]]
  ↳ app/views/friends/index.html.erb:18
  [1m[36mCACHE User Load (0.0ms)[0m  [1m[34mSELECT "users".* FROM "users" WHERE "users"."id" = ? LIMIT ?[0m  [["id", 1], ["LIMIT", 1]]
  ↳ app/views/friends/index.html.erb:18
  Rendered friends/index.html.erb within layouts/application (Duration: 17.6ms | Allocations: 3160)
[Webpacker] Everything's up-to-date. Nothing to do
  Rendered home/_header.html.erb (Duration: 0.6ms | Allocations: 164)
Completed 200 OK in 77ms (Views: 74.8ms | ActiveRecord: 1.4ms | Allocations: 7981)


Started GET "/friends" for 127.0.0.1 at 2021-04-29 11:45:55 +0530
Processing by FriendsController#index as HTML
  Rendering friends/index.html.erb within layouts/application
  [1m[36mUser Load (0.5ms)[0m  [1m[34mSELECT "users".* FROM "users" WHERE "users"."id" = ? ORDER BY "users"."id" ASC LIMIT ?[0m  [["id", 1], ["LIMIT", 1]]
  ↳ app/views/friends/index.html.erb:3
  [1m[36mFriend Load (2.1ms)[0m  [1m[34mSELECT "friends".* FROM "friends"[0m
  ↳ app/views/friends/index.html.erb:17
  [1m[36mUser Load (0.5ms)[0m  [1m[34mSELECT "users".* FROM "users" WHERE "users"."id" = ? LIMIT ?[0m  [["id", 1], ["LIMIT", 1]]
  ↳ app/views/friends/index.html.erb:18
  [1m[36mCACHE User Load (0.0ms)[0m  [1m[34mSELECT "users".* FROM "users" WHERE "users"."id" = ? LIMIT ?[0m  [["id", 1], ["LIMIT", 1]]
  ↳ app/views/friends/index.html.erb:18
  Rendered friends/index.html.erb within layouts/application (Duration: 30.1ms | Allocations: 3159)
[Webpacker] Everything's up-to-date. Nothing to do
  Rendered home/_header.html.erb (Duration: 0.6ms | Allocations: 164)
Completed 200 OK in 117ms (Views: 110.9ms | ActiveRecord: 3.1ms | Allocations: 7987)


Started GET "/users/edit" for 127.0.0.1 at 2021-04-29 11:46:08 +0530
Processing by Devise::RegistrationsController#edit as HTML
  [1m[36mUser Load (0.3ms)[0m  [1m[34mSELECT "users".* FROM "users" WHERE "users"."id" = ? ORDER BY "users"."id" ASC LIMIT ?[0m  [["id", 1], ["LIMIT", 1]]
  Rendering devise/registrations/edit.html.erb within layouts/application
  Rendered devise/shared/_error_messages.html.erb (Duration: 0.1ms | Allocations: 15)
  Rendered devise/registrations/edit.html.erb within layouts/application (Duration: 67.0ms | Allocations: 1974)
[Webpacker] Everything's up-to-date. Nothing to do
  Rendered home/_header.html.erb (Duration: 0.4ms | Allocations: 172)
Completed 200 OK in 127ms (Views: 122.2ms | ActiveRecord: 0.3ms | Allocations: 8416)


Started GET "/friends" for 127.0.0.1 at 2021-04-29 11:46:14 +0530
Processing by FriendsController#index as HTML
  Rendering friends/index.html.erb within layouts/application
  [1m[36mUser Load (0.4ms)[0m  [1m[34mSELECT "users".* FROM "users" WHERE "users"."id" = ? ORDER BY "users"."id" ASC LIMIT ?[0m  [["id", 1], ["LIMIT", 1]]
  ↳ app/views/friends/index.html.erb:3
  [1m[36mFriend Load (0.6ms)[0m  [1m[34mSELECT "friends".* FROM "friends"[0m
  ↳ app/views/friends/index.html.erb:17
  [1m[36mUser Load (0.4ms)[0m  [1m[34mSELECT "users".* FROM "users" WHERE "users"."id" = ? LIMIT ?[0m  [["id", 1], ["LIMIT", 1]]
  ↳ app/views/friends/index.html.erb:18
  [1m[36mCACHE User Load (0.0ms)[0m  [1m[34mSELECT "users".* FROM "users" WHERE "users"."id" = ? LIMIT ?[0m  [["id", 1], ["LIMIT", 1]]
  ↳ app/views/friends/index.html.erb:18
  Rendered friends/index.html.erb within layouts/application (Duration: 17.2ms | Allocations: 3167)
[Webpacker] Everything's up-to-date. Nothing to do
  Rendered home/_header.html.erb (Duration: 0.3ms | Allocations: 168)
Completed 200 OK in 82ms (Views: 79.1ms | ActiveRecord: 1.4ms | Allocations: 8017)


Started GET "/friends/new" for 127.0.0.1 at 2021-04-29 11:46:19 +0530
Processing by FriendsController#new as HTML
  [1m[36mUser Load (0.4ms)[0m  [1m[34mSELECT "users".* FROM "users" WHERE "users"."id" = ? ORDER BY "users"."id" ASC LIMIT ?[0m  [["id", 1], ["LIMIT", 1]]
  Rendering friends/new.html.erb within layouts/application
  Rendered friends/_form.html.erb (Duration: 2.7ms | Allocations: 834)
  Rendered friends/new.html.erb within layouts/application (Duration: 3.7ms | Allocations: 925)
[Webpacker] Everything's up-to-date. Nothing to do
  Rendered home/_header.html.erb (Duration: 0.3ms | Allocations: 163)
Completed 200 OK in 72ms (Views: 64.3ms | ActiveRecord: 0.4ms | Allocations: 7350)


Started POST "/friends" for 127.0.0.1 at 2021-04-29 11:46:28 +0530
Processing by FriendsController#create as HTML
  Parameters: {"authenticity_token"=>"qVKw744oSMWZcasbGgCxf0Z+3E6yzTfIlbM9JlDbwv72M0W7xeM7Z0oxMx01FlyaE/pUkpqRCwU6ZrLts9GFtg==", "friend"=>{"first_name"=>"AB", "last_name"=>"De", "email"=>"Bam@123", "phone"=>"587733", "twitter"=>"nope", "user_id"=>"1"}, "commit"=>"Create Friend"}
  [1m[36mUser Load (0.5ms)[0m  [1m[34mSELECT "users".* FROM "users" WHERE "users"."id" = ? ORDER BY "users"."id" ASC LIMIT ?[0m  [["id", 1], ["LIMIT", 1]]
  [1m[35m (0.1ms)[0m  [1m[36mbegin transaction[0m
  ↳ app/controllers/friends_controller.rb:33:in `block in create'
  [1m[36mFriend Create (10.4ms)[0m  [1m[32mINSERT INTO "friends" ("first_name", "last_name", "email", "phone", "twitter", "created_at", "updated_at", "user_id") VALUES (?, ?, ?, ?, ?, ?, ?, ?)[0m  [["first_name", "AB"], ["last_name", "De"], ["email", "Bam@123"], ["phone", "587733"], ["twitter", "nope"], ["created_at", "2021-04-29 06:16:28.328406"], ["updated_at", "2021-04-29 06:16:28.328406"], ["user_id", 1]]
  ↳ app/controllers/friends_controller.rb:33:in `block in create'
  [1m[35m (89.5ms)[0m  [1m[36mcommit transaction[0m
  ↳ app/controllers/friends_controller.rb:33:in `block in create'
Redirected to http://127.0.0.1:3000/friends/3
Completed 302 Found in 124ms (ActiveRecord: 100.6ms | Allocations: 4501)


Started GET "/friends/3" for 127.0.0.1 at 2021-04-29 11:46:28 +0530
Processing by FriendsController#show as HTML
  Parameters: {"id"=>"3"}
  [1m[36mFriend Load (0.4ms)[0m  [1m[34mSELECT "friends".* FROM "friends" WHERE "friends"."id" = ? LIMIT ?[0m  [["id", 3], ["LIMIT", 1]]
  ↳ app/controllers/friends_controller.rb:77:in `set_friend'
  Rendering friends/show.html.erb within layouts/application
  Rendered friends/show.html.erb within layouts/application (Duration: 0.5ms | Allocations: 153)
[Webpacker] Everything's up-to-date. Nothing to do
  [1m[36mUser Load (0.4ms)[0m  [1m[34mSELECT "users".* FROM "users" WHERE "users"."id" = ? ORDER BY "users"."id" ASC LIMIT ?[0m  [["id", 1], ["LIMIT", 1]]
  ↳ app/views/home/_header.html.erb:19
  Rendered home/_header.html.erb (Duration: 4.5ms | Allocations: 1043)
  Rendered layouts/_alerts.html.erb (Duration: 0.1ms | Allocations: 11)
Completed 200 OK in 73ms (Views: 68.1ms | ActiveRecord: 0.8ms | Allocations: 6480)


Started GET "/friends" for 127.0.0.1 at 2021-04-29 11:46:31 +0530
Processing by FriendsController#index as HTML
  Rendering friends/index.html.erb within layouts/application
  [1m[36mUser Load (0.4ms)[0m  [1m[34mSELECT "users".* FROM "users" WHERE "users"."id" = ? ORDER BY "users"."id" ASC LIMIT ?[0m  [["id", 1], ["LIMIT", 1]]
  ↳ app/views/friends/index.html.erb:3
  [1m[36mFriend Load (0.3ms)[0m  [1m[34mSELECT "friends".* FROM "friends"[0m
  ↳ app/views/friends/index.html.erb:17
  [1m[36mUser Load (0.3ms)[0m  [1m[34mSELECT "users".* FROM "users" WHERE "users"."id" = ? LIMIT ?[0m  [["id", 1], ["LIMIT", 1]]
  ↳ app/views/friends/index.html.erb:18
  [1m[36mCACHE User Load (0.0ms)[0m  [1m[34mSELECT "users".* FROM "users" WHERE "users"."id" = ? LIMIT ?[0m  [["id", 1], ["LIMIT", 1]]
  ↳ app/views/friends/index.html.erb:18
  [1m[36mCACHE User Load (0.0ms)[0m  [1m[34mSELECT "users".* FROM "users" WHERE "users"."id" = ? LIMIT ?[0m  [["id", 1], ["LIMIT", 1]]
  ↳ app/views/friends/index.html.erb:18
  Rendered friends/index.html.erb within layouts/application (Duration: 15.1ms | Allocations: 3960)
[Webpacker] Everything's up-to-date. Nothing to do
  Rendered home/_header.html.erb (Duration: 0.3ms | Allocations: 164)
Completed 200 OK in 69ms (Views: 67.6ms | ActiveRecord: 0.9ms | Allocations: 8787)


Started DELETE "/friends/2" for 127.0.0.1 at 2021-04-29 11:46:35 +0530
Processing by FriendsController#destroy as HTML
  Parameters: {"authenticity_token"=>"MsFewr7ZPuETelo85bf3tbhbb4+JtWEOqCXNw9CkKrIrLq8IDK+1zl0fqB/urS0MgaQXTZiZSDdwY1apQ0vyJg==", "id"=>"2"}
  [1m[36mFriend Load (2.4ms)[0m  [1m[34mSELECT "friends".* FROM "friends" WHERE "friends"."id" = ? LIMIT ?[0m  [["id", 2], ["LIMIT", 1]]
  ↳ app/controllers/friends_controller.rb:77:in `set_friend'
  [1m[36mUser Load (0.7ms)[0m  [1m[34mSELECT "users".* FROM "users" WHERE "users"."id" = ? ORDER BY "users"."id" ASC LIMIT ?[0m  [["id", 1], ["LIMIT", 1]]
  [1m[36mFriend Load (2.2ms)[0m  [1m[34mSELECT "friends".* FROM "friends" WHERE "friends"."user_id" = ? AND "friends"."id" = ? LIMIT ?[0m  [["user_id", 1], ["id", 2], ["LIMIT", 1]]
  ↳ app/controllers/friends_controller.rb:68:in `correct_user'
  [1m[35m (0.1ms)[0m  [1m[36mbegin transaction[0m
  ↳ app/controllers/friends_controller.rb:60:in `destroy'
  [1m[36mFriend Destroy (2.1ms)[0m  [1m[31mDELETE FROM "friends" WHERE "friends"."id" = ?[0m  [["id", 2]]
  ↳ app/controllers/friends_controller.rb:60:in `destroy'
  [1m[35m (2810.6ms)[0m  [1m[36mcommit transaction[0m
  ↳ app/controllers/friends_controller.rb:60:in `destroy'
Redirected to http://127.0.0.1:3000/friends
Completed 302 Found in 2849ms (ActiveRecord: 2818.1ms | Allocations: 5092)


Started GET "/friends" for 127.0.0.1 at 2021-04-29 11:46:38 +0530
Processing by FriendsController#index as HTML
  Rendering friends/index.html.erb within layouts/application
  [1m[36mUser Load (0.5ms)[0m  [1m[34mSELECT "users".* FROM "users" WHERE "users"."id" = ? ORDER BY "users"."id" ASC LIMIT ?[0m  [["id", 1], ["LIMIT", 1]]
  ↳ app/views/friends/index.html.erb:3
  [1m[36mFriend Load (0.3ms)[0m  [1m[34mSELECT "friends".* FROM "friends"[0m
  ↳ app/views/friends/index.html.erb:17
  [1m[36mUser Load (0.3ms)[0m  [1m[34mSELECT "users".* FROM "users" WHERE "users"."id" = ? LIMIT ?[0m  [["id", 1], ["LIMIT", 1]]
  ↳ app/views/friends/index.html.erb:18
  [1m[36mCACHE User Load (0.0ms)[0m  [1m[34mSELECT "users".* FROM "users" WHERE "users"."id" = ? LIMIT ?[0m  [["id", 1], ["LIMIT", 1]]
  ↳ app/views/friends/index.html.erb:18
  Rendered friends/index.html.erb within layouts/application (Duration: 21.1ms | Allocations: 3159)
[Webpacker] Everything's up-to-date. Nothing to do
  Rendered home/_header.html.erb (Duration: 0.3ms | Allocations: 164)
  Rendered layouts/_alerts.html.erb (Duration: 0.0ms | Allocations: 11)
Completed 200 OK in 82ms (Views: 80.0ms | ActiveRecord: 1.1ms | Allocations: 8075)


Started GET "/" for 127.0.0.1 at 2021-04-29 11:47:02 +0530
Processing by FriendsController#index as HTML
  Rendering friends/index.html.erb within layouts/application
  [1m[36mUser Load (0.3ms)[0m  [1m[34mSELECT "users".* FROM "users" WHERE "users"."id" = ? ORDER BY "users"."id" ASC LIMIT ?[0m  [["id", 1], ["LIMIT", 1]]
  ↳ app/views/friends/index.html.erb:3
  [1m[36mFriend Load (0.2ms)[0m  [1m[34mSELECT "friends".* FROM "friends"[0m
  ↳ app/views/friends/index.html.erb:17
  [1m[36mUser Load (0.4ms)[0m  [1m[34mSELECT "users".* FROM "users" WHERE "users"."id" = ? LIMIT ?[0m  [["id", 1], ["LIMIT", 1]]
  ↳ app/views/friends/index.html.erb:18
  [1m[36mCACHE User Load (0.0ms)[0m  [1m[34mSELECT "users".* FROM "users" WHERE "users"."id" = ? LIMIT ?[0m  [["id", 1], ["LIMIT", 1]]
  ↳ app/views/friends/index.html.erb:18
  Rendered friends/index.html.erb within layouts/application (Duration: 12.4ms | Allocations: 3159)
[Webpacker] Everything's up-to-date. Nothing to do
  Rendered home/_header.html.erb (Duration: 0.3ms | Allocations: 164)
Completed 200 OK in 546ms (Views: 544.7ms | ActiveRecord: 0.9ms | Allocations: 7992)


Started DELETE "/users/sign_out" for 127.0.0.1 at 2021-04-29 11:47:14 +0530
Processing by Devise::SessionsController#destroy as HTML
  Parameters: {"authenticity_token"=>"lpfT644mS+FM1BrSUZ/5XxS5x3/p9iosgSN1xdOZFZiPeCIhPFDAzgKx6PFahSPmLUa/vfjaAxVZZe6vQHbNDA=="}
  [1m[36mUser Load (1.3ms)[0m  [1m[34mSELECT "users".* FROM "users" WHERE "users"."id" = ? ORDER BY "users"."id" ASC LIMIT ?[0m  [["id", 1], ["LIMIT", 1]]
Redirected to http://127.0.0.1:3000/
Completed 302 Found in 11ms (ActiveRecord: 1.3ms | Allocations: 2174)


Started GET "/" for 127.0.0.1 at 2021-04-29 11:47:15 +0530
Processing by FriendsController#index as HTML
  Rendering friends/index.html.erb within layouts/application
  Rendered friends/index.html.erb within layouts/application (Duration: 0.4ms | Allocations: 81)
[Webpacker] Everything's up-to-date. Nothing to do
  Rendered home/_header.html.erb (Duration: 0.8ms | Allocations: 167)
  Rendered layouts/_alerts.html.erb (Duration: 0.1ms | Allocations: 11)
Completed 200 OK in 91ms (Views: 89.6ms | ActiveRecord: 0.0ms | Allocations: 4989)


